{"error":"getaddrinfo ENOTFOUND trackapi.nutritionix.com","level":"error","message":"Failed to verify Nutritionix API connection:","service":"meal-generator","timestamp":"2025-06-03T03:23:06.507Z"}
{"error":"getaddrinfo ENOTFOUND trackapi.nutritionix.com","level":"error","message":"Failed to verify Nutritionix API connection:","service":"meal-generator","timestamp":"2025-06-03T03:25:30.976Z"}
{"clientIdPrefix":"f6fc...","level":"error","message":"❌ Error getting FatSecret access token: getaddrinfo ENOTFOUND oauth.fatsecret.com","service":"meal-generator","timestamp":"2025-06-03T03:25:30.989Z"}
{"error":"Failed to authenticate with FatSecret API","level":"error","message":"Error searching for foods:","searchExpression":"apple","service":"meal-generator","timestamp":"2025-06-03T03:25:30.990Z"}
{"fatSecretError":"FatSecret API test returned no data","level":"error","message":"Both Nutritionix and FatSecret API connections failed:","nutritionixError":"getaddrinfo ENOTFOUND trackapi.nutritionix.com","service":"meal-generator","timestamp":"2025-06-03T03:25:30.992Z"}
{"error":"All nutrition API services are unavailable","level":"error","message":"Failed to verify Nutritionix API connection:","service":"meal-generator","timestamp":"2025-06-03T03:25:30.993Z"}
{"level":"error","message":"Initialization error: getaddrinfo ENOTFOUND ep-purple-sun-a1pl2mcg-pooler.ap-southeast-1.aws.neon.tech","name":"SequelizeHostNotFoundError","original":{"code":"ENOTFOUND","errno":-3008,"hostname":"ep-purple-sun-a1pl2mcg-pooler.ap-southeast-1.aws.neon.tech","syscall":"getaddrinfo"},"parent":{"code":"ENOTFOUND","errno":-3008,"hostname":"ep-purple-sun-a1pl2mcg-pooler.ap-southeast-1.aws.neon.tech","syscall":"getaddrinfo"},"service":"meal-generator","stack":"SequelizeHostNotFoundError: getaddrinfo ENOTFOUND ep-purple-sun-a1pl2mcg-pooler.ap-southeast-1.aws.neon.tech\n    at Client._connectionCallback (C:\\Users\\Harish Karthick S\\Documents\\Kalvium\\Semester-4\\Startup\\Di-Twin\\Meal-Generator\\Meal-Generator\\node_modules\\sequelize\\lib\\dialects\\postgres\\connection-manager.js:136:24)\n    at Client._handleErrorWhileConnecting (C:\\Users\\Harish Karthick S\\Documents\\Kalvium\\Semester-4\\Startup\\Di-Twin\\Meal-Generator\\Meal-Generator\\node_modules\\pg\\lib\\client.js:336:19)\n    at Client._handleErrorEvent (C:\\Users\\Harish Karthick S\\Documents\\Kalvium\\Semester-4\\Startup\\Di-Twin\\Meal-Generator\\Meal-Generator\\node_modules\\pg\\lib\\client.js:346:19)\n    at Connection.emit (node:events:518:28)\n    at Socket.reportStreamError (C:\\Users\\Harish Karthick S\\Documents\\Kalvium\\Semester-4\\Startup\\Di-Twin\\Meal-Generator\\Meal-Generator\\node_modules\\pg\\lib\\connection.js:57:12)\n    at Socket.emit (node:events:518:28)\n    at emitErrorNT (node:internal/streams/destroy:169:8)\n    at emitErrorCloseNT (node:internal/streams/destroy:128:3)\n    at process.processTicksAndRejections (node:internal/process/task_queues:82:21)","timestamp":"2025-06-03T03:25:31.018Z"}
{"error":"read ECONNRESET","level":"error","message":"Failed to verify Nutritionix API connection:","service":"meal-generator","timestamp":"06/03/2025, 03:32:09"}
{"level":"error","message":"FatSecret API verification failed: No nutrition data received","service":"meal-generator","timestamp":"2025-06-03 09:24:08.664"}
{"level":"error","message":"FatSecret API verification failed. Some features may not work correctly.","service":"meal-generator","timestamp":"2025-06-03 09:24:08.665"}
{"level":"error","message":"FatSecret API verification failed: No nutrition data received","service":"meal-generator","timestamp":"2025-06-03 09:25:40.535"}
{"level":"error","message":"FatSecret API verification failed. Some features may not work correctly.","service":"meal-generator","timestamp":"2025-06-03 09:25:40.536"}
{"level":"error","message":"FatSecret API verification failed: No nutrition data received","service":"meal-generator","timestamp":"2025-06-03 09:38:57.719"}
{"level":"error","message":"FatSecret API verification failed. Some features may not work correctly.","service":"meal-generator","timestamp":"2025-06-03 09:38:57.720"}
{"error":"Request failed with status code 401","level":"error","message":"Failed to verify Nutritionix API connection:","service":"meal-generator","status":401,"timestamp":"2025-06-03 11:00:44.663"}
{"error":"Request failed with status code 401","level":"error","message":"Failed to verify Nutritionix API connection:","service":"meal-generator","status":401,"timestamp":"2025-06-03 11:00:51.345"}
{"error":"Request failed with status code 401","level":"error","message":"Failed to verify Nutritionix API connection:","service":"meal-generator","status":401,"timestamp":"2025-06-03 11:00:55.846"}
{"error":"Request failed with status code 401","level":"error","message":"Failed to verify Nutritionix API connection:","service":"meal-generator","status":401,"timestamp":"2025-06-03 11:01:17.984"}
{"error":"Request failed with status code 401","level":"error","message":"Failed to verify Nutritionix API connection:","service":"meal-generator","status":401,"timestamp":"2025-06-03 11:01:21.572"}
{"error":"Request failed with status code 401","level":"error","message":"Failed to verify Nutritionix API connection:","service":"meal-generator","status":401,"timestamp":"2025-06-03 11:01:26.384"}
{"error":"relation \"nutrition_data\" does not exist","key":"meal-generatornutrition:apple","level":"error","message":"Error retrieving data:","service":"meal-generator","timestamp":"2025-06-03 11:01:26.537"}
{"error":"relation \"nutrition_data\" does not exist","key":"meal-generatornutrition:apple","level":"error","message":"Error retrieving data:","service":"meal-generator","timestamp":"2025-06-03 11:01:26.741"}
{"error":"relation \"nutrition_data\" does not exist","key":"meal-generatornutrition:grilled chicken salad","level":"error","message":"Error retrieving data:","service":"meal-generator","timestamp":"2025-06-03 11:01:26.896"}
{"error":"relation \"nutrition_data\" does not exist","key":"meal-generatornutrition:chicken breast","level":"error","message":"Error retrieving data:","service":"meal-generator","timestamp":"2025-06-03 11:01:27.039"}
{"error":"relation \"nutrition_data\" does not exist","key":"meal-generatornutrition:mixed greens","level":"error","message":"Error retrieving data:","service":"meal-generator","timestamp":"2025-06-03 11:01:27.053"}
{"error":"relation \"nutrition_data\" does not exist","key":"meal-generatornutrition:cherry tomatoes","level":"error","message":"Error retrieving data:","service":"meal-generator","timestamp":"2025-06-03 11:01:27.127"}
{"error":"relation \"nutrition_data\" does not exist","key":"meal-generatornutrition:cucumber","level":"error","message":"Error retrieving data:","service":"meal-generator","timestamp":"2025-06-03 11:01:27.131"}
{"error":"relation \"nutrition_data\" does not exist","key":"meal-generatornutrition:olive oil","level":"error","message":"Error retrieving data:","service":"meal-generator","timestamp":"2025-06-03 11:01:27.209"}
{"error":"relation \"nutrition_data\" does not exist","key":"meal-generatornutrition:apple","level":"error","message":"Error storing data:","service":"meal-generator","timestamp":"2025-06-03 11:01:30.209"}
{"error":"relation \"nutrition_data\" does not exist","level":"error","meal":"apple","message":"Error in getMealNutritionData:","service":"meal-generator","timestamp":"2025-06-03 11:01:30.210"}
{"fatSecretError":"FatSecret API test returned no data","level":"error","message":"Both Nutritionix and FatSecret API connections failed:","nutritionixError":"Request failed with status code 401","service":"meal-generator","timestamp":"2025-06-03 11:01:30.211"}
{"error":"All nutrition API services are unavailable","level":"error","message":"Failed to verify Nutritionix API connection:","service":"meal-generator","timestamp":"2025-06-03 11:01:30.213"}
{"error":"relation \"nutrition_data\" does not exist","key":"meal-generatornutrition:chicken breast","level":"error","message":"Error storing data:","service":"meal-generator","timestamp":"2025-06-03 11:01:30.640"}
{"error":"relation \"nutrition_data\" does not exist","level":"error","meal":"Grilled Chicken Salad","message":"Error in getMealNutritionData:","service":"meal-generator","timestamp":"2025-06-03 11:01:30.641"}
{"level":"error","message":"FatSecret API verification failed: No nutrition data received","service":"meal-generator","timestamp":"2025-06-03 11:01:30.642"}
{"level":"error","message":"FatSecret API verification failed. Some features may not work correctly.","service":"meal-generator","timestamp":"2025-06-03 11:01:30.643"}
{"error":"Request failed with status code 401","level":"error","message":"Failed to verify Nutritionix API connection:","service":"meal-generator","status":401,"timestamp":"2025-06-03 11:01:47.889"}
{"error":"relation \"nutrition_data\" does not exist","key":"meal-generatornutrition:apple","level":"error","message":"Error retrieving data:","service":"meal-generator","timestamp":"2025-06-03 11:01:48.016"}
{"error":"relation \"nutrition_data\" does not exist","key":"meal-generatornutrition:apple","level":"error","message":"Error retrieving data:","service":"meal-generator","timestamp":"2025-06-03 11:01:48.177"}
